@!@!@STARTMSG 2262:0 @!@!@
TLC2 Version 2.16 of 31 December 2020 (rev: cdddf55)
@!@!@ENDMSG 2262 @!@!@
@!@!@STARTMSG 2187:0 @!@!@
Running breadth-first search Model-Checking with fp 121 and seed -7918886254958863275 with 6 workers on 12 cores with 1166MB heap and 2623MB offheap memory [pid: 14364] (Windows 10 10.0 amd64, AdoptOpenJDK 14.0.1 x86_64, OffHeapDiskFPSet, DiskStateQueue).
@!@!@ENDMSG 2187 @!@!@
@!@!@STARTMSG 2220:0 @!@!@
Starting SANY...
@!@!@ENDMSG 2220 @!@!@
Parsing file D:\Progetti\SourceTracker\tla+\source_tracker_specs.toolbox\Model\MC.tla
Parsing file D:\Progetti\SourceTracker\tla+\source_tracker_specs.toolbox\Model\source_tracker_specs.tla
Warning: symbols were renamed.
Parsing file D:\Programmi\TLAToolbox\toolbox\plugins\org.lamport.tlatools_1.0.0.202012311918\tla2sany\StandardModules\TLC.tla
Parsing file D:\Programmi\TLAToolbox\toolbox\plugins\org.lamport.tlatools_1.0.0.202012311918\tla2sany\StandardModules\Integers.tla
Parsing file D:\Programmi\TLAToolbox\toolbox\plugins\org.lamport.tlatools_1.0.0.202012311918\tla2sany\StandardModules\Sequences.tla
Parsing file D:\Programmi\TLAToolbox\toolbox\plugins\org.lamport.tlatools_1.0.0.202012311918\tla2sany\StandardModules\FiniteSets.tla
Parsing file D:\Programmi\TLAToolbox\toolbox\plugins\org.lamport.tlatools_1.0.0.202012311918\tla2sany\StandardModules\Naturals.tla
Semantic processing of module Naturals
Semantic processing of module Sequences
Semantic processing of module FiniteSets
Semantic processing of module TLC
Semantic processing of module Integers
Semantic processing of module source_tracker_specs
Semantic processing of module MC
@!@!@STARTMSG 2219:0 @!@!@
SANY finished.
@!@!@ENDMSG 2219 @!@!@
@!@!@STARTMSG 2185:0 @!@!@
Starting... (2023-04-08 11:44:37)
@!@!@ENDMSG 2185 @!@!@
@!@!@STARTMSG 2212:0 @!@!@
Implied-temporal checking--satisfiability problem has 1 branches.
@!@!@ENDMSG 2212 @!@!@
@!@!@STARTMSG 2189:0 @!@!@
Computing initial states...
@!@!@ENDMSG 2189 @!@!@
@!@!@STARTMSG 2190:0 @!@!@
Finished computing initial states: 1 distinct state generated at 2023-04-08 11:44:38.
@!@!@ENDMSG 2190 @!@!@
"file"
"file"
"file"
"file"
"file"
"file"
"file"
"file"
"file"
"file"
"file"
"file"
"file"
"file"
"file"
"file"
"file"
"file"
"file"
"file"
"file"
"file"
"file"
"file"
"file"
"file"
"file"
"file"
"file"
"file"
"file"
"file"
"file"
"file"
"file"
"file"
"file"
"file"
"file"
"file"
"file"
"file"
"file"
"file"
"file"
"file"
"file"
"file"
"file"
"file"
"file"
"file"
"file"
"file"
"file"
"file"
"file"
"file"
"file"
"file"
"file"
"file"
"file"
"file"
"file"
"file"
"file"
"file"
"file"
"file"
"file"
"file"
"file"
"file"
"file"
"file"
"file"
"file"
"file"
"file"
"file"
"file"
"file"
"file"
"file"
"file"
"file"
"file"
"file"
"file"
"file"
"file"
"file"
"file"
"file"
"file"
"file"
"file"
"file"
"file"
"file"
"file"
"file"
"file"
"file"
"file"
"file"
"file"
"file"
"file"
"file"
"file"
"file"
"file"
"file"
"file"
"file"
"file"
"file"
"file"
"file"
"file"
"file"
"file"
"file"
"file"
"file"
"file"
"file"
"file"
"file"
"file"
"file"
"file"
"file"
"file"
"file"
"file"
"file"
"file"
"file"
"file"
"file"
"file"
"file"
"file"
"file"
"file"
"file"
"file"
"file"
"file"
"file"
"file"
"file"
"file"
"file"
"file"
"file"
"file"
"file"
"file"
"file"
"file"
"file"
"file"
"file"
"file"
"file"
"file"
"file"
"file"
"file"
"file"
"file"
"file"
"file"
"file"
"file"
"file"
"file"
"file"
"file"
"file"
"file"
"file"
"file"
"file"
"file"
"file"
"file"
"file"
"file"
"file"
"file"
"file"
"file"
"file"
"file"
"file"
"file"
"file"
"file"
"file"
"file"
"file"
"file"
"file"
"file"
"file"
"file"
"file"
"file"
"file"
"file"
"file"
"file"
"file"
"file"
"file"
"file"
"file"
"file"
"file"
"file"
"file"
"file"
"file"
"file"
"file"
"file"
"file"
"file"
"file"
"file"
"file"
"file"
"file"
"file"
"file"
"file"
"file"
"file"
"file"
"file"
"file"
"file"
"file"
"file"
"file"
"file"
"file"
"file"
"file"
"file"
"file"
"file"
"file"
"file"
"file"
"file"
"file"
"file"
"file"
"file"
"file"
"file"
"file"
"file"
"file"
"file"
"file"
"file"
"file"
"file"
"file"
"file"
"file"
"file"
"file"
"file"
"file"
"file"
"file"
"file"
"file"
"file"
"file"
"file"
"file"
"file"
"file"
"file"
"file"
"file"
"file"
"file"
"file"
"file"
"file"
"file"
"file"
"file"
"file"
"file"
"file"
"file"
"file"
"file"
"file"
"file"
"file"
"file"
"file"
"file"
"file"
"file"
"file"
"file"
"file"
"file"
"file"
"file"
"file"
"file"
"file"
"file"
"file"
"file"
"file"
"file"
"file"
"file"
"file"
"file"
"file"
"file"
"file"
"file"
"file"
"file"
"file"
"file"
"file"
"file"
"file"
"file"
"file"
"file"
"file"
"file"
"file"
"file"
"file"
"file"
"file"
"file"
"file"
"file"
"file"
"file"
"file"
"file"
"file"
"file"
"file"
"file"
"file"
"file"
"file"
"file"
"file"
"file"
"file"
"file"
"file"
"file"
"file"
"file"
"file"
"file"
"file"
"file"
"file"
"file"
"file"
"file"
"file"
"file"
"file"
"file"
"file"
"file"
"file"
"file"
"file"
"file"
"file"
"file"
"file"
"file"
"file"
"file"
"file"
"file"
"file"
"file"
"file"
"file"
"file"
"file"
"file"
"file"
"file"
"file"
"file"
"file"
"file"
"file"
"file"
"file"
"file"
"file"
"file"
"file"
"file"
"file"
"file"
"file"
"file"
"file"
"file"
"file"
"file"
"file"
"file"
"file"
"file"
"file"
"file"
"file"
"file"
"file"
"file"
"file"
"file"
"file"
"file"
"file"
"file"
"file"
"file"
"file"
"file"
"file"
"file"
"file"
"file"
"file"
"file"
"file"
"file"
"file"
"file"
"file"
"file"
"file"
"file"
"file"
"file"
"file"
"file"
"file"
"file"
"file"
"file"
"file"
"file"
"file"
"file"
"file"
"file"
"file"
"file"
"file"
"file"
"file"
"file"
"file"
"file"
"file"
"file"
"file"
"file"
"file"
"file"
"file"
"file"
"file"
"file"
"file"
"file"
"file"
"file"
"file"
"file"
"file"
"file"
"file"
"file"
"file"
"file"
"file"
"file"
"file"
"file"
"file"
"file"
"file"
"file"
"file"
"file"
"file"
"file"
"file"
"file"
"file"
"file"
"file"
"file"
"file"
"file"
"file"
"file"
"file"
"file"
"file"
"file"
"file"
"file"
"file"
"file"
"file"
"file"
"file"
"file"
"file"
"file"
"file"
"file"
"file"
"file"
"file"
"file"
"file"
"file"
"file"
"file"
"file"
"file"
"file"
"file"
"file"
"file"
"file"
"file"
"file"
"file"
"file"
"file"
"file"
"file"
"file"
"file"
"file"
"file"
"file"
"file"
"file"
"file"
"file"
"file"
"file"
"file"
"file"
"file"
"file"
"file"
"file"
"file"
"file"
"file"
"file"
"file"
"file"
"file"
"file"
"file"
"file"
"file"
"file"
"file"
"file"
"file"
"file"
"file"
"file"
"file"
"file"
"file"
"file"
"file"
"file"
"file"
"file"
"file"
"file"
"file"
"file"
"file"
"file"
"file"
"file"
"file"
"file"
"file"
"file"
"file"
"file"
"file"
"file"
"file"
"file"
"file"
"file"
"file"
"file"
"file"
"file"
"file"
"file"
"file"
"file"
"file"
"file"
"file"
"file"
"file"
"file"
"file"
"file"
"file"
"file"
"file"
"file"
"file"
"file"
"file"
"file"
"file"
"file"
"file"
"file"
"file"
"file"
"file"
"file"
"file"
"file"
"file"
"file"
"file"
"file"
"file"
"file"
"file"
"file"
"file"
"file"
"file"
"file"
"file"
"file"
"file"
"file"
"file"
"file"
"file"
"file"
"file"
"file"
"file"
"file"
"file"
"file"
"file"
"file"
"file"
"file"
"file"
"file"
"file"
"file"
"file"
"file"
"file"
"file"
"file"
"file"
"file"
"file"
"file"
"file"
"file"
"file"
"file"
"file"
"file"
"file"
"file"
"file"
"file"
"file"
"file"
"file"
"file"
"file"
"file"
"file"
"file"
"file"
"file"
"file"
"file"
"file"
"file"
"file"
"file"
"file"
"file"
"file"
"file"
"file"
"file"
"file"
"file"
"file"
"file"
"file"
"file"
"file"
"file"
"file"
"file"
"file"
"file"
"file"
"file"
"file"
"file"
"file"
"file"
"file"
"file"
"file"
"file"
"file"
"file"
"file"
"file"
"file"
"file"
"file"
"file"
"file"
"file"
"file"
"file"
"file"
"file"
"file"
"file"
"file"
"file"
"file"
"file"
"file"
"file"
"file"
"file"
"file"
"file"
"file"
"file"
"file"
"file"
"file"
"file"
"file"
"file"
"file"
"file"
"file"
"file"
"file"
"file"
"file"
"file"
"file"
"file"
"file"
"file"
"file"
"file"
"file"
"file"
"file"
"file"
"file"
"file"
"file"
"file"
"file"
"file"
"file"
"file"
"file"
"file"
"file"
"file"
"file"
"file"
"file"
"file"
"file"
"file"
"file"
"file"
"file"
"file"
"file"
"file"
"file"
"file"
"file"
"file"
"file"
"file"
"file"
"file"
"file"
"file"
"file"
"file"
"file"
"file"
"file"
"file"
"file"
"file"
"file"
"file"
"file"
"file"
"file"
"file"
"file"
"file"
"file"
"file"
"file"
"file"
"file"
"file"
"file"
"file"
"file"
"file"
"file"
"file"
"file"
"file"
"file"
"file"
"file"
"file"
"file"
"file"
"file"
"file"
"file"
"file"
"file"
"file"
"file"
"file"
"file"
"file"
"file"
"file"
"file"
"file"
"file"
"file"
"file"
"file"
"file"
"file"
"file"
"file"
"file"
"file"
"file"
"file"
"file"
"file"
"file"
"file"
"file"
"file"
"file"
"file"
"file"
"file"
"file"
"file"
"file"
"file"
"file"
"file"
"file"
"file"
"file"
"file"
"file"
"file"
"file"
"file"
"file"
"file"
"file"
"file"
"file"
"file"
"file"
"file"
"file"
"file"
"file"
"file"
"file"
"file"
"file"
"file"
"file"
"file"
"file"
"file"
"file"
"file"
"file"
"file"
"file"
"file"
"file"
"file"
"file"
"file"
"file"
"file"
"file"
"file"
"file"
"file"
"file"
"file"
"file"
"file"
"file"
"file"
"file"
"file"
"file"
"file"
"file"
"file"
"file"
"file"
"file"
"file"
"file"
"file"
"file"
"file"
"file"
"file"
"file"
"file"
"file"
"file"
"file"
"file"
"file"
"file"
"file"
"file"
"file"
"file"
"file"
"file"
"file"
"file"
"file"
"file"
"file"
"file"
"file"
"file"
"file"
"file"
"file"
"file"
"file"
"file"
"file"
"file"
"file"
"file"
"file"
"file"
"file"
"file"
"file"
"file"
"file"
"file"
"file"
"file"
"file"
"file"
"file"
"file"
"file"
"file"
"file"
"file"
"file"
"file"
"file"
"file"
"file"
"file"
"file"
"file"
"file"
"file"
"file"
"file"
"file"
"file"
"file"
"file"
"file"
"file"
"file"
"file"
"file"
"file"
"file"
"file"
"file"
"file"
"file"
"file"
"file"
"file"
"file"
"file"
"file"
"file"
"file"
"file"
"file"
"file"
"file"
"file"
"file"
"file"
"file"
"file"
"file"
"file"
"file"
"file"
"file"
"file"
"file"
"file"
"file"
"file"
"file"
"file"
"file"
"file"
"file"
"file"
"file"
"file"
"file"
"file"
"file"
"file"
"file"
"file"
"file"
"file"
"file"
"file"
"file"
"file"
"file"
"file"
"file"
"file"
"file"
"file"
"file"
"file"
"file"
"file"
"file"
"file"
"file"
"file"
"file"
"file"
"file"
"file"
"file"
"file"
"file"
"file"
"file"
"file"
"file"
"file"
"file"
"file"
"file"
"file"
"file"
"file"
"file"
"file"
"file"
"file"
"file"
"file"
"file"
"file"
"file"
"file"
"file"
"file"
"file"
"file"
"file"
"file"
"file"
"file"
"file"
"file"
"file"
"file"
"file"
"file"
"file"
"file"
"file"
"file"
"file"
"file"
"file"
"file"
"file"
"file"
"file"
"file"
"file"
"file"
"file"
"file"
"file"
"file"
"file"
"file"
"file"
"file"
"file"
"file"
"file"
"file"
"file"
"file"
"file"
"file"
"file"
"file"
"file"
"file"
"file"
"file"
"file"
"file"
"file"
"file"
"file"
"file"
"file"
"file"
"file"
"file"
"file"
"file"
"file"
"file"
"file"
"file"
"file"
"file"
"file"
"file"
"file"
"file"
"file"
"file"
"file"
"file"
"file"
"file"
"file"
"file"
"file"
"file"
"file"
"file"
"file"
"file"
"file"
"file"
"file"
"file"
"file"
"file"
"file"
"file"
"file"
"file"
"file"
"file"
"file"
"file"
"file"
"file"
"file"
"file"
"file"
"file"
"file"
"file"
"file"
"file"
"file"
"file"
"file"
"file"
"file"
"file"
"file"
"file"
"file"
"file"
"file"
"file"
"file"
"file"
"file"
"file"
"file"
"file"
"file"
"file"
"file"
"file"
"file"
"file"
"file"
"file"
"file"
"file"
"file"
"file"
"file"
"file"
"file"
"file"
"file"
"file"
"file"
"file"
"file"
"file"
"file"
"file"
"file"
"file"
"file"
"file"
"file"
"file"
"file"
"file"
"file"
"file"
"file"
"file"
"file"
"file"
"file"
"file"
"file"
"file"
"file"
"file"
"file"
"file"
"file"
"file"
"file"
"file"
"file"
"file"
"file"
"file"
"file"
"file"
"file"
"file"
"file"
"file"
"file"
"file"
"file"
"file"
"file"
"file"
"file"
"file"
"file"
"file"
"file"
"file"
"file"
"file"
"file"
"file"
"file"
"file"
"file"
"file"
"file"
"file"
"file"
"file"
"file"
"file"
"file"
"file"
"file"
"file"
"file"
"file"
"file"
"file"
"file"
"file"
"file"
"file"
"file"
"file"
"file"
"file"
"file"
"file"
"file"
"file"
"file"
"file"
"file"
"file"
"file"
"file"
"file"
"file"
"file"
"file"
"file"
"file"
"file"
"file"
"file"
"file"
"file"
"file"
"file"
"file"
"file"
"file"
"file"
"file"
"file"
"file"
"file"
"file"
"file"
"file"
"file"
"file"
"file"
"file"
"file"
"file"
"file"
"file"
"file"
"file"
"file"
"file"
"file"
"file"
"file"
"file"
"file"
"file"
"file"
"file"
"file"
"file"
"file"
"file"
"file"
"file"
"file"
"file"
"file"
"file"
"file"
"file"
"file"
"file"
"file"
"file"
"file"
"file"
"file"
"file"
"file"
"file"
"file"
"file"
"file"
"file"
"file"
"file"
"file"
"file"
"file"
"file"
"file"
"file"
"file"
"file"
"file"
"file"
"file"
"file"
"file"
"file"
"file"
"file"
"file"
"file"
"file"
"file"
"file"
"file"
"file"
"file"
"file"
"file"
"file"
"file"
"file"
"file"
"file"
"file"
"file"
"file"
"file"
"file"
"file"
"file"
"file"
"file"
"file"
"file"
"file"
"file"
"file"
"file"
"file"
"file"
"file"
"file"
"file"
"file"
"file"
"file"
"file"
"file"
"file"
"file"
"file"
"file"
"file"
"file"
"file"
"file"
"file"
"file"
"file"
"file"
"file"
"file"
"file"
"file"
"file"
"file"
"file"
"file"
"file"
"file"
"file"
"file"
"file"
"file"
"file"
"file"
"file"
"file"
"file"
"file"
"file"
"file"
"file"
"file"
"file"
"file"
"file"
"file"
"file"
"file"
"file"
"file"
"file"
"file"
"file"
"file"
"file"
"file"
"file"
"file"
"file"
"file"
"file"
"file"
"file"
"file"
"file"
"file"
"file"
"file"
"file"
"file"
"file"
"file"
"file"
"file"
"file"
"file"
"file"
"file"
"file"
"file"
"file"
"file"
"file"
"file"
"file"
"file"
"file"
"file"
"file"
"file"
"file"
"file"
"file"
"file"
"file"
"file"
"file"
"file"
"file"
"file"
"file"
"file"
"file"
"file"
"file"
"file"
"file"
"file"
"file"
"file"
"file"
"file"
"file"
"file"
"file"
"file"
"file"
"file"
"file"
"file"
"file"
"file"
"file"
"file"
"file"
"file"
"file"
"file"
"file"
"file"
"file"
"file"
"file"
"file"
"file"
"file"
"file"
"file"
"file"
"file"
"file"
"file"
"file"
"file"
"file"
"file"
"file"
"file"
"file"
"file"
"file"
"file"
"file"
"file"
"file"
"file"
"file"
"file"
"file"
"file"
"file"
"file"
"file"
"file"
"file"
"file"
"file"
"file"
"file"
"file"
"file"
"file"
"file"
"file"
"file"
"file"
"file"
"file"
"file"
"file"
"file"
"file"
"file"
"file"
"file"
"file"
"file"
"file"
"file"
"file"
"file"
"file"
"file"
"file"
"file"
"file"
"file"
"file"
"file"
"file"
"file"
"file"
"file"
"file"
"file"
"file"
"file"
"file"
"file"
"file"
"file"
"file"
"file"
"file"
"file"
"file"
"file"
"file"
"file"
"file"
"file"
"file"
"file"
"file"
"file"
"file"
"file"
"file"
"file"
"file"
"file"
"file"
"file"
"file"
"file"
"file"
"file"
"file"
"file"
"file"
"file"
"file"
"file"
"file"
"file"
"file"
"file"
"file"
"file"
"file"
"file"
"file"
"file"
"file"
"file"
"file"
"file"
"file"
"file"
"file"
"file"
"file"
"file"
"file"
"file"
"file"
"file"
"file"
"file"
"file"
"file"
"file"
"file"
"file"
"file"
"file"
"file"
"file"
"file"
"file"
"file"
"file"
"file"
"file"
"file"
"file"
"file"
"file"
"file"
"file"
"file"
"file"
"file"
"file"
"file"
"file"
"file"
"file"
"file"
"file"
"file"
"file"
"file"
"file"
"file"
"file"
"file"
"file"
"file"
"file"
"file"
"file"
"file"
"file"
"file"
"file"
"file"
"file"
"file"
"file"
"file"
"file"
"file"
"file"
"file"
"file"
"file"
"file"
"file"
"file"
"file"
"file"
"file"
"file"
"file"
"file"
"file"
"file"
"file"
"file"
"file"
"file"
"file"
"file"
"file"
"file"
"file"
"file"
"file"
"file"
"file"
"file"
"file"
"file"
"file"
"file"
"file"
"file"
"file"
"file"
"file"
"file"
"file"
"file"
"file"
"file"
"file"
"file"
"file"
"file"
"file"
"file"
"file"
"file"
"file"
"file"
"file"
"file"
"file"
"file"
"file"
"file"
"file"
"file"
"file"
"file"
"file"
"file"
"file"
"file"
"file"
"file"
"file"
"file"
"file"
"file"
"file"
"file"
"file"
"file"
"file"
"file"
"file"
"file"
"file"
"file"
"file"
"file"
"file"
"file"
"file"
"file"
"file"
"file"
"file"
"file"
"file"
"file"
"file"
"file"
"file"
"file"
"file"
"file"
"file"
"file"
"file"
"file"
"file"
"file"
"file"
"file"
"file"
"file"
"file"
"file"
"file"
"file"
"file"
"file"
"file"
"file"
"file"
"file"
"file"
"file"
"file"
"file"
"file"
"file"
"file"
"file"
"file"
"file"
"file"
"file"
"file"
"file"
"file"
"file"
"file"
"file"
"file"
"file"
"file"
"file"
"file"
"file"
"file"
"file"
"file"
"file"
"file"
"file"
"file"
"file"
"file"
"file"
"file"
"file"
"file"
"file"
"file"
"file"
"file"
"file"
"file"
"file"
"file"
"file"
"file"
"file"
"file"
"file"
"file"
"file"
"file"
"file"
"file"
"file"
"file"
"file"
"file"
"file"
"file"
"file"
"file"
"file"
"file"
"file"
"file"
"file"
"file"
"file"
"file"
"file"
"file"
"file"
"file"
"file"
"file"
"file"
"file"
"file"
"file"
"file"
"file"
"file"
"file"
"file"
"file"
"file"
"file"
"file"
"file"
"file"
"file"
"file"
"file"
"file"
"file"
"file"
"file"
"file"
"file"
"file"
"file"
"file"
"file"
"file"
"file"
"file"
"file"
"file"
"file"
"file"
"file"
"file"
"file"
"file"
"file"
"file"
"file"
"file"
"file"
"file"
"file"
"file"
"file"
"file"
"file"
"file"
"file"
"file"
"file"
"file"
"file"
"file"
"file"
"file"
"file"
"file"
"file"
"file"
"file"
"file"
"file"
"file"
"file"
"file"
"file"
"file"
"file"
"file"
"file"
"file"
"file"
"file"
"file"
"file"
"file"
"file"
"file"
"file"
"file"
"file"
"file"
"file"
"file"
"file"
"file"
"file"
"file"
"file"
"file"
"file"
"file"
"file"
"file"
"file"
"file"
"file"
"file"
"file"
"file"
"file"
"file"
"file"
"file"
"file"
"file"
"file"
"file"
"file"
"file"
"file"
"file"
"file"
"file"
"file"
"file"
"file"
"file"
"file"
"file"
"file"
"file"
"file"
"file"
"file"
"file"
"file"
"file"
"file"
"file"
"file"
"file"
"file"
"file"
"file"
"file"
"file"
"file"
"file"
"file"
"file"
"file"
"file"
"file"
"file"
"file"
"file"
"file"
"file"
"file"
"file"
"file"
"file"
"file"
"file"
"file"
"file"
"file"
"file"
"file"
"file"
"file"
"file"
"file"
"file"
"file"
"file"
"file"
"file"
"file"
"file"
"file"
"file"
"file"
"file"
"file"
"file"
"file"
"file"
"file"
"file"
"file"
"file"
"file"
"file"
"file"
"file"
"file"
"file"
"file"
"file"
"file"
"file"
"file"
"file"
"file"
"file"
"file"
"file"
"file"
"file"
"file"
"file"
"file"
"file"
"file"
"file"
"file"
"file"
"file"
"file"
"file"
"file"
"file"
"file"
"file"
"file"
"file"
"file"
"file"
"file"
"file"
"file"
"file"
"file"
"file"
"file"
"file"
"file"
"file"
"file"
"file"
"file"
"file"
"file"
"file"
"file"
"file"
"file"
"file"
"file"
"file"
"file"
"file"
"file"
"file"
"file"
"file"
"file"
"file"
"file"
"file"
"file"
"file"
"file"
"file"
"file"
"file"
"file"
"file"
"file"
"file"
"file"
"file"
"file"
"file"
"file"
"file"
"file"
"file"
"file"
"file"
"file"
"file"
"file"
"file"
"file"
"file"
"file"
"file"
"file"
"file"
"file"
"file"
"file"
"file"
"file"
"file"
"file"
"file"
"file"
"file"
"file"
"file"
"file"
"file"
"file"
"file"
"file"
"file"
"file"
"file"
"file"
"file"
"file"
"file"
"file"
"file"
"file"
"file"
"file"
"file"
"file"
"file"
"file"
"file"
"file"
"file"
"file"
"file"
"file"
"file"
"file"
"file"
"file"
"file"
"file"
"file"
"file"
"file"
"file"
"file"
"file"
"file"
"file"
"file"
"file"
"file"
"file"
"file"
"file"
"file"
"file"
"file"
"file"
"file"
"file"
"file"
"file"
"file"
"file"
"file"
"file"
"file"
"file"
"file"
"file"
"file"
"file"
"file"
"file"
"file"
"file"
"file"
"file"
"file"
"file"
"file"
"file"
"file"
"file"
"file"
"file"
"file"
"file"
"file"
"file"
"file"
"file"
"file"
"file"
"file"
"file"
"file"
"file"
"file"
"file"
"file"
"file"
"file"
"file"
"file"
"file"
"file"
"file"
"file"
"file"
"file"
"file"
"file"
"file"
"file"
"file"
"file"
"file"
"file"
"file"
"file"
"file"
"file"
"file"
"file"
"file"
"file"
"file"
"file"
"file"
"file"
"file"
"file"
"file"
"file"
"file"
"file"
"file"
"file"
"file"
"file"
"file"
"file"
"file"
"file"
"file"
"file"
"file"
"file"
"file"
"file"
"file"
"file"
"file"
"file"
"file"
"file"
"file"
"file"
"file"
"file"
"file"
"file"
"file"
"file"
"file"
"file"
"file"
"file"
"file"
"file"
"file"
"file"
"file"
"file"
"file"
"file"
"file"
"file"
"file"
"file"
"file"
"file"
"file"
"file"
"file"
"file"
"file"
"file"
"file"
"file"
"file"
"file"
"file"
"file"
"file"
"file"
"file"
"file"
"file"
"file"
"file"
"file"
"file"
"file"
"file"
"file"
"file"
"file"
"file"
"file"
"file"
"file"
"file"
"file"
"file"
"file"
"file"
"file"
"file"
"file"
"file"
"file"
"file"
"file"
"file"
"file"
"file"
"file"
"file"
"file"
"file"
"file"
"file"
"file"
"file"
"file"
"file"
"file"
"file"
"file"
"file"
"file"
"file"
"file"
"file"
"file"
"file"
"file"
"file"
"file"
"file"
"file"
"file"
"file"
"file"
"file"
"file"
"file"
"file"
"file"
"file"
"file"
"file"
"file"
"file"
"file"
"file"
"file"
"file"
"file"
"file"
"file"
"file"
"file"
"file"
"file"
"file"
"file"
"file"
"file"
"file"
"file"
"file"
"file"
"file"
"file"
"file"
"file"
"file"
"file"
"file"
"file"
"file"
"file"
"file"
"file"
"file"
"file"
"file"
"file"
"file"
"file"
"file"
"file"
"file"
"file"
"file"
"file"
"file"
"file"
"file"
"file"
"file"
"file"
"file"
"file"
"file"
"file"
"file"
"file"
"file"
"file"
"file"
"file"
"file"
"file"
"file"
"file"
"file"
"file"
"file"
"file"
"file"
"file"
"file"
"file"
"file"
"file"
"file"
"file"
"file"
"file"
"file"
"file"
"file"
"file"
"file"
"file"
"file"
"file"
"file"
"file"
"file"
"file"
"file"
"file"
"file"
"file"
"file"
"file"
"file"
"file"
"file"
"file"
"file"
"file"
"file"
"file"
"file"
"file"
"file"
"file"
"file"
"file"
"file"
"file"
"file"
"file"
"file"
"file"
"file"
"file"
"file"
"file"
"file"
"file"
"file"
"file"
"file"
"file"
"file"
"file"
"file"
"file"
"file"
"file"
"file"
"file"
"file"
"file"
"file"
"file"
"file"
"file"
"file"
"file"
"file"
"file"
"file"
"file"
"file"
"file"
"file"
"file"
"file"
"file"
"file"
"file"
"file"
"file"
"file"
"file"
"file"
"file"
"file"
"file"
"file"
"file"
"file"
"file"
"file"
"file"
"file"
"file"
"file"
"file"
"file"
"file"
"file"
"file"
"file"
"file"
"file"
"file"
"file"
"file"
"file"
"file"
"file"
"file"
"file"
"file"
"file"
"file"
"file"
"file"
"file"
"file"
"file"
"file"
"file"
"file"
"file"
"file"
"file"
"file"
"file"
"file"
"file"
"file"
"file"
"file"
"file"
"file"
"file"
"file"
"file"
"file"
"file"
"file"
"file"
"file"
"file"
"file"
"file"
"file"
"file"
"file"
"file"
"file"
"file"
"file"
"file"
"file"
"file"
"file"
"file"
"file"
"file"
"file"
"file"
"file"
"file"
"file"
"file"
"file"
"file"
"file"
"file"
"file"
"file"
"file"
"file"
"file"
"file"
"file"
"file"
"file"
"file"
"file"
"file"
"file"
"file"
"file"
"file"
"file"
"file"
"file"
"file"
"file"
"file"
"file"
"file"
"file"
"file"
"file"
"file"
"file"
"file"
"file"
"file"
"file"
"file"
"file"
"file"
"file"
"file"
"file"
"file"
"file"
"file"
"file"
"file"
"file"
"file"
"file"
"file"
"file"
"file"
"file"
"file"
"file"
"file"
"file"
"file"
"file"
"file"
"file"
"file"
"file"
"file"
"file"
"file"
"file"
"file"
"file"
"file"
"file"
"file"
"file"
"file"
"file"
"file"
"file"
"file"
"file"
"file"
"file"
"file"
"file"
"file"
"file"
"file"
"file"
"file"
"file"
"file"
"file"
"file"
"file"
"file"
"file"
"file"
"file"
"file"
"file"
"file"
"file"
"file"
"file"
"file"
"file"
"file"
"file"
"file"
"file"
"file"
"file"
"file"
"file"
"file"
"file"
"file"
"file"
"file"
"file"
"file"
"file"
"file"
"file"
"file"
"file"
"file"
"file"
"file"
"file"
"file"
"file"
"file"
"file"
"file"
"file"
"file"
"file"
"file"
"file"
"file"
"file"
"file"
"file"
"file"
"file"
"file"
"file"
"file"
"file"
"file"
"file"
"file"
"file"
"file"
"file"
"file"
"file"
"file"
"file"
"file"
"file"
"file"
"file"
"file"
"file"
"file"
"file"
"file"
"file"
"file"
"file"
"file"
"file"
"file"
"file"
"file"
"file"
"file"
"file"
"file"
"file"
"file"
"file"
"file"
"file"
"file"
"file"
"file"
"file"
"file"
"file"
"file"
"file"
"file"
"file"
"file"
"file"
"file"
"file"
"file"
"file"
"file"
"file"
"file"
"file"
"file"
"file"
"file"
"file"
"file"
"file"
"file"
"file"
"file"
"file"
"file"
"file"
"file"
"file"
"file"
"file"
"file"
"file"
"file"
"file"
"file"
"file"
"file"
"file"
"file"
"file"
"file"
"file"
"file"
"file"
"file"
"file"
"file"
"file"
"file"
"file"
"file"
"file"
"file"
"file"
"file"
"file"
"file"
"file"
"file"
"file"
"file"
"file"
"file"
"file"
"file"
"file"
"file"
"file"
"file"
"file"
"file"
"file"
"file"
"file"
"file"
"file"
"file"
"file"
"file"
"file"
"file"
"file"
"file"
"file"
"file"
"file"
"file"
"file"
"file"
"file"
"file"
"file"
"file"
"file"
"file"
"file"
"file"
"file"
"file"
"file"
"file"
"file"
"file"
"file"
"file"
"file"
"file"
"file"
"file"
"file"
"file"
"file"
"file"
"file"
"file"
"file"
"file"
"file"
"file"
"file"
"file"
"file"
"file"
"file"
"file"
"file"
"file"
"file"
"file"
"file"
"file"
"file"
"file"
"file"
"file"
"file"
"file"
"file"
"file"
"file"
"file"
"file"
"file"
"file"
"file"
"file"
"file"
"file"
"file"
"file"
"file"
"file"
"file"
"file"
"file"
"file"
"file"
"file"
"file"
"file"
"file"
"file"
"file"
"file"
"file"
"file"
"file"
"file"
"file"
"file"
"file"
"file"
"file"
"file"
"file"
"file"
"file"
"file"
"file"
"file"
"file"
"file"
"file"
"file"
"file"
"file"
"file"
"file"
"file"
"file"
"file"
"file"
"file"
"file"
"file"
"file"
"file"
"file"
"file"
"file"
"file"
"file"
"file"
"file"
"file"
"file"
"file"
"file"
"file"
"file"
"file"
"file"
"file"
"file"
"file"
"file"
"file"
"file"
"file"
"file"
"file"
"file"
"file"
"file"
"file"
"file"
"file"
"file"
"file"
"file"
"file"
"file"
"file"
"file"
"file"
"file"
"file"
"file"
"file"
"file"
"file"
"file"
"file"
"file"
"file"
"file"
"file"
"file"
"file"
"file"
"file"
"file"
"file"
"file"
"file"
"file"
"file"
"file"
"file"
"file"
"file"
"file"
"file"
"file"
"file"
"file"
"file"
"file"
"file"
"file"
"file"
"file"
"file"
"file"
"file"
"file"
"file"
"file"
"file"
"file"
"file"
"file"
"file"
"file"
"file"
"file"
"file"
"file"
"file"
"file"
"file"
"file"
"file"
"file"
"file"
"file"
"file"
"file"
"file"
"file"
"file"
"file"
"file"
"file"
"file"
"file"
"file"
"file"
"file"
"file"
"file"
"file"
"file"
"file"
"file"
"file"
"file"
"file"
"file"
"file"
"file"
"file"
"file"
"file"
"file"
"file"
"file"
"file"
"file"
"file"
"file"
"file"
"file"
"file"
"file"
"file"
"file"
"file"
"file"
"file"
"file"
"file"
"file"
"file"
"file"
"file"
"file"
"file"
"file"
"file"
"file"
"file"
"file"
"file"
"file"
"file"
"file"
"file"
"file"
"file"
"file"
"file"
"file"
"file"
"file"
"file"
"file"
"file"
"file"
"file"
"file"
"file"
"file"
"file"
"file"
"file"
"file"
"file"
"file"
"file"
"file"
"file"
"file"
"file"
"file"
"file"
"file"
"file"
"file"
"file"
"file"
"file"
"file"
"file"
"file"
"file"
"file"
"file"
"file"
"file"
"file"
"file"
"file"
"file"
"file"
"file"
"file"
"file"
"file"
"file"
"file"
"file"
"file"
"file"
"file"
"file"
"file"
"file"
"file"
"file"
"file"
"file"
"file"
"file"
"file"
"file"
"file"
"file"
"file"
"file"
"file"
"file"
"file"
"file"
"file"
"file"
"file"
"file"
"file"
"file"
"file"
"file"
"file"
"file"
"file"
"file"
"file"
"file"
"file"
"file"
"file"
"file"
"file"
"file"
"file"
"file"
"file"
"file"
"file"
"file"
"file"
"file"
"file"
"file"
"file"
"file"
"file"
"file"
"file"
"file"
"file"
"file"
"file"
"file"
"file"
"file"
"file"
"file"
"file"
"file"
"file"
"file"
"file"
"file"
"file"
"file"
"file"
"file"
"file"
"file"
"file"
"file"
"file"
"file"
"file"
"file"
"file"
"file"
"file"
"file"
"file"
"file"
"file"
"file"
"file"
"file"
"file"
"file"
"file"
"file"
"file"
"file"
"file"
"file"
"file"
"file"
"file"
"file"
"file"
"file"
"file"
"file"
"file"
"file"
"file"
"file"
"file"
"file"
"file"
"file"
"file"
"file"
"file"
"file"
"file"
"file"
"file"
"file"
"file"
"file"
"file"
"file"
"file"
"file"
"file"
"file"
"file"
"file"
"file"
"file"
"file"
"file"
"file"
"file"
"file"
"file"
"file"
"file"
"file"
"file"
"file"
"file"
"file"
"file"
"file"
"file"
"file"
"file"
"file"
"file"
"file"
"file"
"file"
"file"
"file"
"file"
"file"
"file"
"file"
"file"
"file"
"file"
"file"
"file"
"file"
"file"
"file"
"file"
"file"
"file"
"file"
"file"
"file"
"file"
"file"
"file"
"file"
"file"
"file"
"file"
"file"
"file"
"file"
"file"
"file"
"file"
"file"
"file"
"file"
"file"
"file"
"file"
"file"
"file"
"file"
"file"
"file"
"file"
"file"
"file"
"file"
"file"
"file"
"file"
"file"
"file"
"file"
"file"
"file"
"file"
"file"
"file"
"file"
"file"
"file"
"file"
"file"
"file"
"file"
"file"
"file"
"file"
"file"
"file"
"file"
"file"
"file"
"file"
"file"
"file"
"file"
"file"
"file"
"file"
"file"
"file"
"file"
"file"
"file"
"file"
"file"
"file"
"file"
"file"
"file"
"file"
"file"
"file"
"file"
"file"
"file"
"file"
"file"
"file"
"file"
"file"
"file"
"file"
"file"
"file"
"file"
"file"
"file"
"file"
"file"
"file"
"file"
"file"
"file"
"file"
"file"
"file"
"file"
"file"
"file"
"file"
"file"
"file"
"file"
"file"
"file"
"file"
"file"
"file"
"file"
"file"
"file"
"file"
"file"
"file"
"file"
"file"
"file"
"file"
"file"
"file"
"file"
"file"
"file"
"file"
"file"
"file"
"file"
"file"
"file"
"file"
"file"
"file"
"file"
"file"
"file"
"file"
"file"
"file"
"file"
"file"
"file"
"file"
"file"
"file"
"file"
"file"
"file"
"file"
"file"
"file"
"file"
"file"
"file"
"file"
"file"
"file"
"file"
"file"
"file"
"file"
"file"
"file"
"file"
"file"
"file"
"file"
"file"
"file"
"file"
"file"
"file"
"file"
"file"
"file"
"file"
"file"
"file"
"file"
"file"
"file"
"file"
"file"
"file"
"file"
"file"
"file"
"file"
"file"
"file"
"file"
"file"
"file"
"file"
"file"
"file"
"file"
"file"
"file"
"file"
"file"
"file"
"file"
"file"
"file"
"file"
"file"
"file"
"file"
"file"
"file"
"file"
"file"
"file"
"file"
"file"
"file"
"file"
"file"
"file"
"file"
"file"
"file"
"file"
"file"
"file"
"file"
"file"
"file"
"file"
"file"
"file"
"file"
"file"
"file"
"file"
"file"
"file"
"file"
"file"
"file"
"file"
"file"
"file"
"file"
"file"
"file"
"file"
"file"
"file"
"file"
"file"
"file"
"file"
"file"
"file"
"file"
"file"
"file"
"file"
"file"
"file"
"file"
"file"
"file"
"file"
"file"
"file"
"file"
"file"
"file"
"file"
"file"
"file"
"file"
"file"
"file"
"file"
"file"
"file"
"file"
"file"
"file"
"file"
"file"
"file"
"file"
"file"
"file"
"file"
"file"
"file"
"file"
"file"
"file"
"file"
"file"
"file"
"file"
"file"
"file"
"file"
"file"
"file"
"file"
"file"
"file"
"file"
"file"
"file"
"file"
"file"
"file"
"file"
"file"
"file"
"file"
"file"
"file"
"file"
"file"
"file"
"file"
"file"
"file"
"file"
"file"
"file"
"file"
"file"
"file"
"file"
"file"
"file"
"file"
"file"
"file"
"file"
"file"
"file"
"file"
"file"
"file"
"file"
"file"
"file"
"file"
"file"
"file"
"file"
"file"
"file"
"file"
"file"
"file"
"file"
"file"
"file"
"file"
"file"
"file"
"file"
"file"
"file"
"file"
"file"
"file"
"file"
"file"
"file"
"file"
"file"
"file"
"file"
"file"
"file"
"file"
"file"
"file"
"file"
"file"
"file"
"file"
"file"
"file"
"file"
"file"
"file"
"file"
"file"
"file"
"file"
"file"
"file"
"file"
"file"
"file"
"file"
"file"
"file"
"file"
"file"
"file"
"file"
"file"
"file"
"file"
"file"
"file"
"file"
"file"
"file"
"file"
"file"
"file"
"file"
"file"
"file"
"file"
"file"
"file"
"file"
"file"
"file"
"file"
"file"
"file"
"file"
"file"
"file"
"file"
"file"
"file"
"file"
"file"
"file"
"file"
"file"
"file"
"file"
"file"
"file"
"file"
"file"
"file"
"file"
"file"
"file"
"file"
"file"
"file"
"file"
"file"
"file"
"file"
"file"
"file"
"file"
"file"
"file"
"file"
"file"
"file"
"file"
"file"
"file"
"file"
"file"
"file"
"file"
"file"
"file"
"file"
"file"
"file"
"file"
"file"
"file"
"file"
"file"
"file"
"file"
"file"
"file"
"file"
"file"
"file"
"file"
"file"
"file"
"file"
"file"
"file"
"file"
"file"
"file"
"file"
"file"
"file"
"file"
"file"
"file"
"file"
"file"
"file"
"file"
"file"
"file"
"file"
"file"
"file"
"file"
"file"
"file"
"file"
"file"
"file"
"file"
"file"
"file"
"file"
"file"
"file"
"file"
"file"
"file"
"file"
"file"
"file"
"file"
"file"
"file"
"file"
"file"
"file"
"file"
"file"
"file"
"file"
"file"
"file"
"file"
"file"
"file"
"file"
"file"
"file"
"file"
"file"
"file"
"file"
"file"
"file"
"file"
"file"
"file"
"file"
"file"
"file"
"file"
"file"
"file"
"file"
"file"
"file"
"file"
"file"
"file"
"file"
"file"
"file"
"file"
"file"
"file"
"file"
"file"
"file"
"file"
"file"
"file"
"file"
"file"
"file"
"file"
"file"
"file"
"file"
"file"
"file"
"file"
"file"
"file"
"file"
"file"
"file"
"file"
"file"
"file"
"file"
"file"
"file"
"file"
"file"
"file"
"file"
"file"
"file"
"file"
"file"
"file"
"file"
"file"
"file"
"file"
"file"
"file"
"file"
"file"
"file"
"file"
"file"
"file"
"file"
"file"
"file"
"file"
"file"
"file"
"file"
"file"
"file"
"file"
"file"
"file"
"file"
"file"
"file"
"file"
"file"
"file"
"file"
"file"
"file"
"file"
"file"
"file"
"file"
"file"
"file"
"file"
"file"
"file"
"file"
"file"
"file"
"file"
"file"
"file"
"file"
"file"
"file"
"file"
"file"
"file"
"file"
"file"
"file"
"file"
"file"
"file"
"file"
"file"
"file"
"file"
"file"
"file"
"file"
"file"
"file"
"file"
"file"
"file"
"file"
"file"
"file"
"file"
"file"
"file"
"file"
"file"
"file"
"file"
"file"
"file"
"file"
"file"
"file"
"file"
"file"
"file"
"file"
"file"
"file"
"file"
"file"
"file"
"file"
"file"
"file"
"file"
"file"
"file"
"file"
"file"
"file"
"file"
"file"
"file"
"file"
"file"
"file"
"file"
"file"
"file"
"file"
"file"
"file"
"file"
"file"
"file"
"file"
"file"
"file"
"file"
"file"
"file"
"file"
"file"
"file"
"file"
"file"
"file"
"file"
"file"
"file"
"file"
"file"
"file"
"file"
"file"
"file"
"file"
"file"
"file"
"file"
"file"
"file"
"file"
"file"
"file"
"file"
"file"
"file"
"file"
"file"
"file"
"file"
"file"
"file"
"file"
"file"
"file"
"file"
"file"
"file"
"file"
"file"
"file"
"file"
"file"
"file"
"file"
"file"
"file"
"file"
"file"
"file"
"file"
"file"
"file"
"file"
"file"
"file"
"file"
"file"
"file"
"file"
"file"
"file"
"file"
"file"
"file"
"file"
"file"
"file"
"file"
"file"
"file"
"file"
"file"
"file"
"file"
"file"
"file"
"file"
"file"
"file"
"file"
"file"
"file"
"file"
"file"
"file"
"file"
"file"
"file"
"file"
"file"
"file"
"file"
"file"
"file"
"file"
"file"
"file"
"file"
"file"
"file"
"file"
"file"
"file"
"file"
"file"
"file"
"file"
"file"
"file"
"file"
"file"
"file"
"file"
"file"
"file"
"file"
"file"
"file"
"file"
"file"
"file"
"file"
"file"
"file"
"file"
"file"
"file"
"file"
"file"
"file"
"file"
"file"
"file"
"file"
"file"
"file"
"file"
"file"
"file"
"file"
"file"
"file"
"file"
"file"
"file"
"file"
"file"
"file"
"file"
"file"
"file"
"file"
"file"
"file"
"file"
"file"
"file"
"file"
"file"
"file"
"file"
"file"
"file"
"file"
"file"
"file"
"file"
"file"
"file"
"file"
"file"
"file"
"file"
"file"
"file"
"file"
"file"
"file"
"file"
"file"
"file"
"file"
"file"
"file"
"file"
"file"
"file"
"file"
"file"
"file"
"file"
"file"
"file"
"file"
"file"
"file"
"file"
"file"
"file"
"file"
"file"
"file"
"file"
"file"
"file"
"file"
"file"
"file"
"file"
"file"
"file"
"file"
"file"
"file"
"file"
"file"
"file"
"file"
"file"
"file"
"file"
"file"
"file"
"file"
"file"
"file"
"file"
"file"
"file"
"file"
"file"
"file"
"file"
"file"
"file"
"file"
"file"
"file"
"file"
"file"
"file"
"file"
"file"
"file"
"file"
"file"
"file"
"file"
"file"
"file"
"file"
"file"
"file"
"file"
"file"
"file"
"file"
"file"
"file"
"file"
"file"
"file"
"file"
"file"
"file"
"file"
"file"
"file"
"file"
"file"
"file"
"file"
"file"
"file"
"file"
"file"
"file"
"file"
"file"
"file"
"file"
"file"
"file"
"file"
"file"
"file"
"file"
"file"
"file"
"file"
"file"
"file"
"file"
"file"
"file"
"file"
"file"
"file"
"file"
"file"
"file"
"file"
"file"
"file"
"file"
"file"
"file"
"file"
"file"
"file"
"file"
"file"
"file"
"file"
"file"
"file"
"file"
"file"
"file"
"file"
"file"
"file"
"file"
"file"
"file"
"file"
"file"
"file"
"file"
"file"
"file"
"file"
"file"
"file"
"file"
"file"
"file"
"file"
"file"
"file"
"file"
"file"
"file"
"file"
"file"
"file"
"file"
"file"
"file"
"file"
"file"
"file"
"file"
"file"
"file"
"file"
"file"
"file"
"file"
"file"
"file"
"file"
"file"
"file"
"file"
"file"
"file"
"file"
"file"
"file"
"file"
"file"
"file"
"file"
"file"
"file"
"file"
"file"
"file"
"file"
"file"
"file"
"file"
"file"
"file"
"file"
"file"
"file"
"file"
"file"
"file"
"file"
"file"
"file"
"file"
"file"
"file"
"file"
"file"
"file"
"file"
"file"
"file"
"file"
"file"
"file"
"file"
"file"
"file"
"file"
"file"
"file"
"file"
"file"
"file"
"file"
"file"
"file"
"file"
"file"
"file"
"file"
"file"
"file"
"file"
"file"
"file"
"file"
"file"
"file"
"file"
"file"
"file"
"file"
"file"
"file"
"file"
"file"
"file"
"file"
"file"
"file"
"file"
"file"
"file"
"file"
"file"
"file"
"file"
"file"
"file"
"file"
"file"
"file"
"file"
"file"
"file"
"file"
"file"
"file"
"file"
"file"
"file"
"file"
"file"
"file"
"file"
"file"
"file"
"file"
"file"
"file"
"file"
"file"
"file"
"file"
"file"
"file"
"file"
"file"
"file"
"file"
"file"
"file"
"file"
"file"
"file"
"file"
"file"
"file"
"file"
"file"
"file"
"file"
"file"
"file"
"file"
"file"
"file"
"file"
"file"
"file"
"file"
"file"
"file"
"file"
"file"
"file"
"file"
"file"
"file"
"file"
"file"
"file"
"file"
"file"
"file"
"file"
"file"
"file"
"file"
"file"
"file"
"file"
"file"
"file"
"file"
"file"
"file"
"file"
"file"
"file"
"file"
"file"
"file"
"file"
"file"
"file"
"file"
"file"
"file"
"file"
"file"
"file"
"file"
"file"
"file"
"file"
"file"
"file"
"file"
"file"
"file"
"file"
"file"
"file"
"file"
"file"
"file"
"file"
"file"
"file"
"file"
"file"
"file"
"file"
"file"
"file"
"file"
"file"
"file"
"file"
"file"
"file"
"file"
"file"
"file"
"file"
"file"
"file"
"file"
"file"
"file"
"file"
"file"
"file"
"file"
"file"
"file"
"file"
"file"
"file"
"file"
"file"
"file"
"file"
"file"
"file"
"file"
"file"
"file"
"file"
"file"
"file"
"file"
"file"
"file"
"file"
"file"
"file"
"file"
"file"
"file"
"file"
"file"
"file"
"file"
"file"
"file"
"file"
"file"
"file"
"file"
"file"
"file"
"file"
"file"
"file"
"file"
"file"
"file"
"file"
"file"
"file"
"file"
"file"
"file"
"file"
"file"
"file"
"file"
"file"
"file"
"file"
"file"
"file"
"file"
"file"
"file"
"file"
"file"
"file"
"file"
"file"
"file"
"file"
"file"
"file"
"file"
"file"
"file"
"file"
"file"
"file"
"file"
"file"
"file"
"file"
"file"
"file"
"file"
"file"
"file"
"file"
"file"
"file"
"file"
"file"
"file"
"file"
"file"
"file"
"file"
"file"
"file"
"file"
"file"
"file"
"file"
"file"
"file"
"file"
"file"
"file"
"file"
"file"
"file"
"file"
"file"
"file"
"file"
"file"
"file"
"file"
"file"
"file"
"file"
"file"
"file"
"file"
"file"
"file"
"file"
"file"
"file"
"file"
"file"
"file"
"file"
"file"
"file"
"file"
"file"
"file"
"file"
"file"
"file"
"file"
"file"
"file"
"file"
"file"
"file"
"file"
"file"
"file"
"file"
"file"
"file"
"file"
"file"
"file"
"file"
"file"
"file"
"file"
"file"
"file"
"file"
"file"
"file"
"file"
"file"
"file"
"file"
"file"
"file"
"file"
"file"
"file"
"file"
"file"
"file"
"file"
"file"
"file"
"file"
"file"
"file"
"file"
"file"
"file"
"file"
"file"
"file"
"file"
"file"
"file"
"file"
"file"
"file"
"file"
"file"
"file"
"file"
"file"
"file"
"file"
"file"
"file"
"file"
"file"
"file"
"file"
"file"
"file"
"file"
"file"
"file"
"file"
"file"
"file"
"file"
"file"
"file"
"file"
"file"
"file"
"file"
"file"
"file"
"file"
"file"
"file"
"file"
"file"
@!@!@STARTMSG 2200:0 @!@!@
Progress(32) at 2023-04-08 11:44:38: 2.929 states generated, 998 distinct states found, 0 states left on queue.
@!@!@ENDMSG 2200 @!@!@
@!@!@STARTMSG 2192:0 @!@!@
Checking temporal properties for the complete state space with 998 total distinct states at (2023-04-08 11:44:38)
@!@!@ENDMSG 2192 @!@!@
@!@!@STARTMSG 2267:0 @!@!@
Finished checking temporal properties in 00s at 2023-04-08 11:44:38
@!@!@ENDMSG 2267 @!@!@
@!@!@STARTMSG 2193:0 @!@!@
Model checking completed. No error has been found.
  Estimates of the probability that TLC did not check all reachable states
  because two distinct states had the same fingerprint:
  calculated (optimistic):  val = 1.0E-13
@!@!@ENDMSG 2193 @!@!@
@!@!@STARTMSG 2201:0 @!@!@
The coverage statistics at 2023-04-08 11:44:38
@!@!@ENDMSG 2201 @!@!@
@!@!@STARTMSG 2773:0 @!@!@
<Init line 74, col 1 to line 74, col 4 of module source_tracker_specs>: 1:1
@!@!@ENDMSG 2773 @!@!@
@!@!@STARTMSG 2221:0 @!@!@
  line 75, col 9 to line 85, col 68 of module source_tracker_specs: 1
@!@!@ENDMSG 2221 @!@!@
@!@!@STARTMSG 2772:0 @!@!@
<Search line 87, col 1 to line 87, col 12 of module source_tracker_specs>: 6:9
@!@!@ENDMSG 2772 @!@!@
@!@!@STARTMSG 2221:0 @!@!@
  line 87, col 20 to line 87, col 38 of module source_tracker_specs: 1019
@!@!@ENDMSG 2221 @!@!@
@!@!@STARTMSG 2221:0 @!@!@
  |line 87, col 20 to line 87, col 27 of module source_tracker_specs: 1010
@!@!@ENDMSG 2221 @!@!@
@!@!@STARTMSG 2221:0 @!@!@
  line 88, col 23 to line 88, col 37 of module source_tracker_specs: 9
@!@!@ENDMSG 2221 @!@!@
@!@!@STARTMSG 2221:0 @!@!@
  line 89, col 28 to line 89, col 66 of module source_tracker_specs: 8
@!@!@ENDMSG 2221 @!@!@
@!@!@STARTMSG 2221:0 @!@!@
  line 90, col 28 to line 90, col 81 of module source_tracker_specs: 1
@!@!@ENDMSG 2221 @!@!@
@!@!@STARTMSG 2221:0 @!@!@
  line 91, col 20 to line 93, col 39 of module source_tracker_specs: 9
@!@!@ENDMSG 2221 @!@!@
@!@!@STARTMSG 2772:0 @!@!@
<search line 95, col 1 to line 95, col 12 of module source_tracker_specs>: 5:10
@!@!@ENDMSG 2772 @!@!@
@!@!@STARTMSG 2221:0 @!@!@
  line 95, col 20 to line 95, col 38 of module source_tracker_specs: 1020
@!@!@ENDMSG 2221 @!@!@
@!@!@STARTMSG 2221:0 @!@!@
  |line 95, col 20 to line 95, col 27 of module source_tracker_specs: 1010
@!@!@ENDMSG 2221 @!@!@
@!@!@STARTMSG 2221:0 @!@!@
  line 96, col 20 to line 96, col 59 of module source_tracker_specs: 10
@!@!@ENDMSG 2221 @!@!@
@!@!@STARTMSG 2221:0 @!@!@
  line 97, col 20 to line 97, col 87 of module source_tracker_specs: 10
@!@!@ENDMSG 2221 @!@!@
@!@!@STARTMSG 2221:0 @!@!@
  line 98, col 20 to line 98, col 55 of module source_tracker_specs: 10
@!@!@ENDMSG 2221 @!@!@
@!@!@STARTMSG 2221:0 @!@!@
  line 99, col 20 to line 99, col 47 of module source_tracker_specs: 10
@!@!@ENDMSG 2221 @!@!@
@!@!@STARTMSG 2221:0 @!@!@
  line 100, col 20 to line 100, col 55 of module source_tracker_specs: 10
@!@!@ENDMSG 2221 @!@!@
@!@!@STARTMSG 2221:0 @!@!@
  line 101, col 20 to line 101, col 59 of module source_tracker_specs: 10
@!@!@ENDMSG 2221 @!@!@
@!@!@STARTMSG 2772:0 @!@!@
<signalAllFilesInQueue line 103, col 1 to line 103, col 27 of module source_tracker_specs>: 4:610
@!@!@ENDMSG 2772 @!@!@
@!@!@STARTMSG 2221:0 @!@!@
  line 103, col 35 to line 103, col 68 of module source_tracker_specs: 1620
@!@!@ENDMSG 2221 @!@!@
@!@!@STARTMSG 2221:0 @!@!@
  |line 103, col 35 to line 103, col 42 of module source_tracker_specs: 1010
@!@!@ENDMSG 2221 @!@!@
@!@!@STARTMSG 2221:0 @!@!@
  line 104, col 38 to line 104, col 49 of module source_tracker_specs: 610
@!@!@ENDMSG 2221 @!@!@
@!@!@STARTMSG 2221:0 @!@!@
  line 105, col 43 to line 107, col 96 of module source_tracker_specs: 228
@!@!@ENDMSG 2221 @!@!@
@!@!@STARTMSG 2221:0 @!@!@
  line 108, col 46 to line 108, col 79 of module source_tracker_specs: 382
@!@!@ENDMSG 2221 @!@!@
@!@!@STARTMSG 2221:0 @!@!@
  line 109, col 46 to line 109, col 79 of module source_tracker_specs: 382
@!@!@ENDMSG 2221 @!@!@
@!@!@STARTMSG 2221:0 @!@!@
  line 110, col 35 to line 112, col 61 of module source_tracker_specs: 610
@!@!@ENDMSG 2221 @!@!@
@!@!@STARTMSG 2772:0 @!@!@
<Read line 116, col 1 to line 116, col 10 of module source_tracker_specs>: 151:537
@!@!@ENDMSG 2772 @!@!@
@!@!@STARTMSG 2221:0 @!@!@
  line 116, col 18 to line 116, col 34 of module source_tracker_specs: 3567
@!@!@ENDMSG 2221 @!@!@
@!@!@STARTMSG 2221:0 @!@!@
  |line 116, col 18 to line 116, col 25 of module source_tracker_specs: 3030
@!@!@ENDMSG 2221 @!@!@
@!@!@STARTMSG 2221:0 @!@!@
  line 117, col 18 to line 117, col 36 of module source_tracker_specs: 537
@!@!@ENDMSG 2221 @!@!@
@!@!@STARTMSG 2221:0 @!@!@
  |line 117, col 18 to line 117, col 32 of module source_tracker_specs: 822
@!@!@ENDMSG 2221 @!@!@
@!@!@STARTMSG 2221:0 @!@!@
  line 118, col 18 to line 118, col 55 of module source_tracker_specs: 537
@!@!@ENDMSG 2221 @!@!@
@!@!@STARTMSG 2221:0 @!@!@
  line 119, col 18 to line 119, col 51 of module source_tracker_specs: 537
@!@!@ENDMSG 2221 @!@!@
@!@!@STARTMSG 2221:0 @!@!@
  line 120, col 18 to line 121, col 63 of module source_tracker_specs: 537
@!@!@ENDMSG 2221 @!@!@
@!@!@STARTMSG 2772:0 @!@!@
<take line 123, col 1 to line 123, col 10 of module source_tracker_specs>: 530:1152
@!@!@ENDMSG 2772 @!@!@
@!@!@STARTMSG 2221:0 @!@!@
  line 123, col 18 to line 123, col 34 of module source_tracker_specs: 4182
@!@!@ENDMSG 2221 @!@!@
@!@!@STARTMSG 2221:0 @!@!@
  |line 123, col 18 to line 123, col 25 of module source_tracker_specs: 3030
@!@!@ENDMSG 2221 @!@!@
@!@!@STARTMSG 2221:0 @!@!@
  line 124, col 21 to line 124, col 49 of module source_tracker_specs: 1152
@!@!@ENDMSG 2221 @!@!@
@!@!@STARTMSG 2221:0 @!@!@
  line 125, col 26 to line 129, col 63 of module source_tracker_specs: 720
@!@!@ENDMSG 2221 @!@!@
@!@!@STARTMSG 2221:0 @!@!@
  line 130, col 29 to line 130, col 62 of module source_tracker_specs: 432
@!@!@ENDMSG 2221 @!@!@
@!@!@STARTMSG 2221:0 @!@!@
  line 131, col 29 to line 132, col 48 of module source_tracker_specs: 432
@!@!@ENDMSG 2221 @!@!@
@!@!@STARTMSG 2221:0 @!@!@
  line 133, col 18 to line 133, col 70 of module source_tracker_specs: 1152
@!@!@ENDMSG 2221 @!@!@
@!@!@STARTMSG 2772:0 @!@!@
<count line 135, col 1 to line 135, col 11 of module source_tracker_specs>: 301:624
@!@!@ENDMSG 2772 @!@!@
@!@!@STARTMSG 2221:0 @!@!@
  line 135, col 19 to line 135, col 36 of module source_tracker_specs: 3654
@!@!@ENDMSG 2221 @!@!@
@!@!@STARTMSG 2221:0 @!@!@
  |line 135, col 19 to line 135, col 26 of module source_tracker_specs: 3030
@!@!@ENDMSG 2221 @!@!@
@!@!@STARTMSG 2221:0 @!@!@
  line 136, col 19 to line 136, col 36 of module source_tracker_specs: 624
@!@!@ENDMSG 2221 @!@!@
@!@!@STARTMSG 2221:0 @!@!@
  line 137, col 19 to line 137, col 52 of module source_tracker_specs: 624
@!@!@ENDMSG 2221 @!@!@
@!@!@STARTMSG 2221:0 @!@!@
  line 138, col 19 to line 139, col 81 of module source_tracker_specs: 624
@!@!@ENDMSG 2221 @!@!@
@!@!@STARTMSG 2772:0 @!@!@
<Terminating line 144, col 1 to line 144, col 11 of module source_tracker_specs>: 0:7
@!@!@ENDMSG 2772 @!@!@
@!@!@STARTMSG 2221:0 @!@!@
  line 144, col 40 to line 144, col 56 of module source_tracker_specs: 1503
@!@!@ENDMSG 2221 @!@!@
@!@!@STARTMSG 2221:0 @!@!@
  |line 144, col 40 to line 144, col 47 of module source_tracker_specs: 1475
@!@!@ENDMSG 2221 @!@!@
@!@!@STARTMSG 2221:0 @!@!@
  line 144, col 31 to line 144, col 37 of module source_tracker_specs: 1010
@!@!@ENDMSG 2221 @!@!@
@!@!@STARTMSG 2221:0 @!@!@
  line 145, col 19 to line 145, col 32 of module source_tracker_specs: 7
@!@!@ENDMSG 2221 @!@!@
@!@!@STARTMSG 2202:0 @!@!@
End of statistics.
@!@!@ENDMSG 2202 @!@!@
@!@!@STARTMSG 2200:0 @!@!@
Progress(32) at 2023-04-08 11:44:38: 2.929 states generated (96.295 s/min), 998 distinct states found (32.810 ds/min), 0 states left on queue.
@!@!@ENDMSG 2200 @!@!@
@!@!@STARTMSG 2199:0 @!@!@
2929 states generated, 998 distinct states found, 0 states left on queue.
@!@!@ENDMSG 2199 @!@!@
@!@!@STARTMSG 2194:0 @!@!@
The depth of the complete state graph search is 32.
@!@!@ENDMSG 2194 @!@!@
@!@!@STARTMSG 2268:0 @!@!@
The average outdegree of the complete state graph is 1 (minimum is 0, the maximum 4 and the 95th percentile is 2).
@!@!@ENDMSG 2268 @!@!@
@!@!@STARTMSG 2186:0 @!@!@
Finished in 1843ms at (2023-04-08 11:44:38)
@!@!@ENDMSG 2186 @!@!@
